<?xml version="1.0" encoding="UTF-8"?>
<testng-results ignored="0" total="2" passed="2" failed="0" skipped="0">
  <reporter-output>
  </reporter-output>
  <suite started-at="2023-10-12T16:24:32 IST" name="Default suite" finished-at="2023-10-12T16:24:32 IST" duration-ms="474">
    <groups>
    </groups>
    <test started-at="2023-10-12T16:24:32 IST" name="Default test" finished-at="2023-10-12T16:24:32 IST" duration-ms="474">
      <class name="com.app.test.DataProvider">
        <test-method signature="test(java.lang.String,java.lang.String)[pri:0, instance:com.app.test.DataProvider@6c1a5b54]" started-at="2023-10-12T16:24:32 IST" name="test" data-provider="dataprovider" finished-at="2023-10-12T16:24:32 IST" duration-ms="17" status="PASS">
          <params>
            <param index="0">
              <value>
                <![CDATA[TestOne]]>
              </value>
            </param>
            <param index="1">
              <value>
                <![CDATA[TestTwo]]>
              </value>
            </param>
          </params>
          <reporter-output>
          </reporter-output>
        </test-method> <!-- test -->
        <test-method signature="test(java.lang.String,java.lang.String)[pri:0, instance:com.app.test.DataProvider@6c1a5b54]" started-at="2023-10-12T16:24:32 IST" name="test" data-provider="dataprovider" finished-at="2023-10-12T16:24:32 IST" duration-ms="31" status="PASS">
          <params>
            <param index="0">
              <value>
                <![CDATA[TestThree]]>
              </value>
            </param>
            <param index="1">
              <value>
                <![CDATA[TestFour]]>
              </value>
            </param>
          </params>
          <reporter-output>
          </reporter-output>
        </test-method> <!-- test -->
      </class> <!-- com.app.test.DataProvider -->
    </test> <!-- Default test -->
  </suite> <!-- Default suite -->
</testng-results>
